<?xml version="1.0" encoding="UTF-8"?>
<testsuite xmlns:xsi="http://www.w3.org/2001/XMLSchema-instance" xsi:noNamespaceSchemaLocation="https://maven.apache.org/surefire/maven-surefire-plugin/xsd/surefire-test-report-3.0.xsd" version="3.0" name="com.epam.mjc.io.FileReaderTest" time="0.079" tests="3" errors="0" skipped="0" failures="0">
  <properties>
    <property name="java.specification.version" value="21"/>
    <property name="sun.jnu.encoding" value="UTF-8"/>
    <property name="java.class.path" value="/home/vosid/Desktop/EpamJava/EpamJava1/mjcschool/mjc1/javaio/stage1-module6-io-task1/target/test-classes:/home/vosid/Desktop/EpamJava/EpamJava1/mjcschool/mjc1/javaio/stage1-module6-io-task1/target/classes:/home/vosid/.m2/repository/junit/junit/4.13.2/junit-4.13.2.jar:/home/vosid/.m2/repository/org/hamcrest/hamcrest-core/1.3/hamcrest-core-1.3.jar:/home/vosid/.m2/repository/org/apache/commons/commons-lang3/3.12.0/commons-lang3-3.12.0.jar:/home/vosid/.m2/repository/commons-io/commons-io/2.11.0/commons-io-2.11.0.jar:"/>
    <property name="java.vm.vendor" value="Oracle Corporation"/>
    <property name="sun.arch.data.model" value="64"/>
    <property name="java.vendor.url" value="https://java.oracle.com/"/>
    <property name="os.name" value="Linux"/>
    <property name="java.vm.specification.version" value="21"/>
    <property name="sun.java.launcher" value="SUN_STANDARD"/>
    <property name="user.country" value="US"/>
    <property name="sun.boot.library.path" value="/usr/lib/jvm/jdk-21-oracle-x64/lib"/>
    <property name="sun.java.command" value="/home/vosid/Desktop/EpamJava/EpamJava1/mjcschool/mjc1/javaio/stage1-module6-io-task1/target/surefire/surefirebooter-20231225000457762_3.jar /home/vosid/Desktop/EpamJava/EpamJava1/mjcschool/mjc1/javaio/stage1-module6-io-task1/target/surefire 2023-12-25T00-04-57_680-jvmRun1 surefire-20231225000457762_1tmp surefire_0-20231225000457762_2tmp"/>
    <property name="jdk.debug" value="release"/>
    <property name="surefire.test.class.path" value="/home/vosid/Desktop/EpamJava/EpamJava1/mjcschool/mjc1/javaio/stage1-module6-io-task1/target/test-classes:/home/vosid/Desktop/EpamJava/EpamJava1/mjcschool/mjc1/javaio/stage1-module6-io-task1/target/classes:/home/vosid/.m2/repository/junit/junit/4.13.2/junit-4.13.2.jar:/home/vosid/.m2/repository/org/hamcrest/hamcrest-core/1.3/hamcrest-core-1.3.jar:/home/vosid/.m2/repository/org/apache/commons/commons-lang3/3.12.0/commons-lang3-3.12.0.jar:/home/vosid/.m2/repository/commons-io/commons-io/2.11.0/commons-io-2.11.0.jar:"/>
    <property name="sun.cpu.endian" value="little"/>
    <property name="user.home" value="/home/vosid"/>
    <property name="user.language" value="en"/>
    <property name="java.specification.vendor" value="Oracle Corporation"/>
    <property name="java.version.date" value="2023-10-17"/>
    <property name="java.home" value="/usr/lib/jvm/jdk-21-oracle-x64"/>
    <property name="file.separator" value="/"/>
    <property name="basedir" value="/home/vosid/Desktop/EpamJava/EpamJava1/mjcschool/mjc1/javaio/stage1-module6-io-task1"/>
    <property name="java.vm.compressedOopsMode" value="Zero based"/>
    <property name="line.separator" value="&#10;"/>
    <property name="java.specification.name" value="Java Platform API Specification"/>
    <property name="java.vm.specification.vendor" value="Oracle Corporation"/>
    <property name="surefire.real.class.path" value="/home/vosid/Desktop/EpamJava/EpamJava1/mjcschool/mjc1/javaio/stage1-module6-io-task1/target/surefire/surefirebooter-20231225000457762_3.jar"/>
    <property name="sun.management.compiler" value="HotSpot 64-Bit Tiered Compilers"/>
    <property name="java.runtime.version" value="21.0.1+12-LTS-29"/>
    <property name="user.name" value="vosid"/>
    <property name="stdout.encoding" value="UTF-8"/>
    <property name="path.separator" value=":"/>
    <property name="os.version" value="6.2.0-39-generic"/>
    <property name="java.runtime.name" value="Java(TM) SE Runtime Environment"/>
    <property name="file.encoding" value="UTF-8"/>
    <property name="java.vm.name" value="Java HotSpot(TM) 64-Bit Server VM"/>
    <property name="localRepository" value="/home/vosid/.m2/repository"/>
    <property name="java.vendor.url.bug" value="https://bugreport.java.com/bugreport/"/>
    <property name="java.io.tmpdir" value="/tmp"/>
    <property name="idea.version" value="2023.3.2"/>
    <property name="java.version" value="21.0.1"/>
    <property name="user.dir" value="/home/vosid/Desktop/EpamJava/EpamJava1/mjcschool/mjc1/javaio/stage1-module6-io-task1"/>
    <property name="os.arch" value="amd64"/>
    <property name="java.vm.specification.name" value="Java Virtual Machine Specification"/>
    <property name="native.encoding" value="UTF-8"/>
    <property name="java.library.path" value="/usr/java/packages/lib:/usr/lib64:/lib64:/lib:/usr/lib"/>
    <property name="java.vm.info" value="mixed mode, sharing"/>
    <property name="stderr.encoding" value="UTF-8"/>
    <property name="java.vendor" value="Oracle Corporation"/>
    <property name="java.vm.version" value="21.0.1+12-LTS-29"/>
    <property name="sun.io.unicode.encoding" value="UnicodeLittle"/>
    <property name="java.class.version" value="65.0"/>
  </properties>
  <testcase name="testCodeWithoutProhibitedLibraries" classname="com.epam.mjc.io.FileReaderTest" time="0.008"/>
  <testcase name="testProgramReadsDataCorrectly" classname="com.epam.mjc.io.FileReaderTest" time="0.008">
    <system-out><![CDATA[Name  heTHQ Age  18 Email  heTHQ Phone  18 
Name,
heTHQ,
Age,
18,
Email,
heTHQ,
Phone,
18,
8
]]></system-out>
  </testcase>
  <testcase name="testCodeHasStreamClosing" classname="com.epam.mjc.io.FileReaderTest" time="0.0"/>
</testsuite>